2026-06-22 11:37:11 - INFO - ************Login page Opening ***************
2026-06-22 11:37:11 - INFO - *********Username are enter **************************
2026-06-22 11:37:11 - INFO - *********Password are Entner succeesfully******************
2026-06-22 11:37:11 - INFO - **********Login Button are Click are suceessfully ******************
2026-06-22 11:37:11 - INFO - ************** Test Login successful ********* 
2026-06-22 11:37:11 - INFO - ********After Login Sucessmessage are 
2026-06-22 11:37:11 - INFO - Watiin for the sucessmesaage
2026-06-22 11:37:11 - INFO - This is a now visible 
2026-06-22 11:37:13 - INFO - *********ADD TO CART PRODUCT FROM HERE ************
2026-06-22 11:37:13 - INFO - **************Clicking Add to Cart using JavaScript**************
2026-06-22 11:37:13 - INFO - Clicked seccesssfully using Native selenium Click
2026-06-22 11:37:18 - INFO - ********Remove btn Visible Checking ****************
2026-06-22 11:37:18 - INFO - ********Remove Button are visible check start *********
2026-06-22 11:37:18 - INFO - *********Add to cart sucessfully done ********
2026-06-22 11:41:59 - INFO - ************Login page Opening ***************
2026-06-22 11:41:59 - INFO - *********Username are enter **************************
2026-06-22 11:41:59 - INFO - *********Password are Entner succeesfully******************
2026-06-22 11:41:59 - INFO - **********Login Button are Click are suceessfully ******************
2026-06-22 11:41:59 - INFO - ************** Test Login successful ********* 
2026-06-22 11:41:59 - INFO - ********After Login Sucessmessage are 
2026-06-22 11:41:59 - INFO - Watiin for the sucessmesaage
2026-06-22 11:41:59 - INFO - This is a now visible 
2026-06-22 11:42:01 - INFO - *********ADD TO CART PRODUCT FROM HERE ************
2026-06-22 11:42:01 - INFO - **************Clicking Add to Cart using JavaScript**************
2026-06-22 11:42:01 - INFO - Clicked seccesssfully using Native selenium Click
2026-06-22 11:42:06 - INFO - ********Remove btn Visible Checking ****************
2026-06-22 11:42:06 - INFO - ********Remove Button are visible check start *********
2026-06-22 11:42:06 - INFO - *********Add to cart sucessfully done ********
2026-06-22 12:30:00 - INFO - ************Login page Opening ***************
2026-06-22 12:30:00 - INFO - *********Username are enter **************************
2026-06-22 12:30:00 - INFO - *********Password are Entner succeesfully******************
2026-06-22 12:30:00 - INFO - **********Login Button are Click are suceessfully ******************
2026-06-22 12:30:00 - INFO - ************** Test Login successful ********* 
2026-06-22 12:30:00 - INFO - ********After Login Sucessmessage are 
2026-06-22 12:30:00 - INFO - Watiin for the sucessmesaage
2026-06-22 12:30:00 - INFO - This is a now visible 
2026-06-22 12:30:02 - INFO - *********ADD TO CART PRODUCT FROM HERE ************
2026-06-22 12:30:02 - INFO - **************Clicking Add to Cart using JavaScript**************
2026-06-22 12:30:02 - INFO - Clicked seccesssfully using Native selenium Click
2026-06-22 12:30:07 - INFO - ********Remove btn Visible Checking ****************
2026-06-22 12:30:17 - INFO - Remove btn not visible:Message: 
Stacktrace:
	chromedriver!GetHandleVerifier [0x7ff6ebd13fa5+14925]
	chromedriver!GetHandleVerifier [0x7ff6ebd14000+14980]
	chromedriver!(No symbol) [0x7ff6eb85793d]
	chromedriver!(No symbol) [0x7ff6eb8b1aad]
	chromedriver!(No symbol) [0x7ff6eb8b1dac]
	chromedriver!(No symbol) [0x7ff6eb9027d7]
	chromedriver!(No symbol) [0x7ff6eb8ff39b]
	chromedriver!(No symbol) [0x7ff6eb8a401c]
	chromedriver!(No symbol) [0x7ff6eb8a4f43]
	chromedriver!GetHandleVerifier [0x7ff6ec2f7591+5f7f11]
	chromedriver!GetHandleVerifier [0x7ff6ec2f1902+5f2282]
	chromedriver!GetHandleVerifier [0x7ff6ec317115+617a95]
	chromedriver!GetHandleVerifier [0x7ff6ebd31dce+3274e]
	chromedriver!GetHandleVerifier [0x7ff6ebd3a82c+3b1ac]
	chromedriver!GetHandleVerifier [0x7ff6ebd1d744+1e0c4]
	chromedriver!GetHandleVerifier [0x7ff6ebd1d8d4+1e254]
	chromedriver!GetHandleVerifier [0x7ff6ebd01447+1dc7]
	KERNEL32!BaseThreadInitThunk [0x7ffb36b5e957+17]
	ntdll!RtlUserThreadStart [0x7ffb37e07c1c+2c]

2026-06-22 12:30:18 - INFO - ********Remove Button are visible check start *********
